Build started 5/14/2019 1:55:56 PM.
     1>Project "C:\Users\OmegaGomachi\Downloads\project 2\quake2-full-master\ref_soft\ref_soft.vcxproj" on node 4 (Rebuild target(s)).
     1>CustomBuild:
         Performing Custom Build Tools
          Assembling: C:\Users\OmegaGomachi\Downloads\project
     1>MASM : fatal error A1000: cannot open file : C:\Users\OmegaGomachi\Downloads\project
         Microsoft (R) Macro Assembler Version 12.00.21005.1
         Copyright (C) Microsoft Corporation.  All rights reserved.
         
         Performing Custom Build Tools
          Assembling: C:\Users\OmegaGomachi\Downloads\project
     1>MASM : fatal error A1000: cannot open file : C:\Users\OmegaGomachi\Downloads\project
         Performing Custom Build Tools
         Microsoft (R) Macro Assembler Version 12.00.21005.1
         Copyright (C) Microsoft Corporation.  All rights reserved.
         
          Assembling: C:\Users\OmegaGomachi\Downloads\project
     1>MASM : fatal error A1000: cannot open file : C:\Users\OmegaGomachi\Downloads\project
         Microsoft (R) Macro Assembler Version 12.00.21005.1
         Copyright (C) Microsoft Corporation.  All rights reserved.
         
         Performing Custom Build Tools
          Assembling: C:\Users\OmegaGomachi\Downloads\project
     1>MASM : fatal error A1000: cannot open file : C:\Users\OmegaGomachi\Downloads\project
         Microsoft (R) Macro Assembler Version 12.00.21005.1
         Copyright (C) Microsoft Corporation.  All rights reserved.
         
         Performing Custom Build Tools
          Assembling: C:\Users\OmegaGomachi\Downloads\project
     1>MASM : fatal error A1000: cannot open file : C:\Users\OmegaGomachi\Downloads\project
         Microsoft (R) Macro Assembler Version 12.00.21005.1
         Copyright (C) Microsoft Corporation.  All rights reserved.
         
         Performing Custom Build Tools
          Assembling: C:\Users\OmegaGomachi\Downloads\project
     1>MASM : fatal error A1000: cannot open file : C:\Users\OmegaGomachi\Downloads\project
         Microsoft (R) Macro Assembler Version 12.00.21005.1
         Copyright (C) Microsoft Corporation.  All rights reserved.
         
         Performing Custom Build Tools
          Assembling: C:\Users\OmegaGomachi\Downloads\project
     1>MASM : fatal error A1000: cannot open file : C:\Users\OmegaGomachi\Downloads\project
         Microsoft (R) Macro Assembler Version 12.00.21005.1
         Copyright (C) Microsoft Corporation.  All rights reserved.
         
         Performing Custom Build Tools
          Assembling: C:\Users\OmegaGomachi\Downloads\project
     1>MASM : fatal error A1000: cannot open file : C:\Users\OmegaGomachi\Downloads\project
         Microsoft (R) Macro Assembler Version 12.00.21005.1
         Copyright (C) Microsoft Corporation.  All rights reserved.
         
         Performing Custom Build Tools
          Assembling: C:\Users\OmegaGomachi\Downloads\project
     1>MASM : fatal error A1000: cannot open file : C:\Users\OmegaGomachi\Downloads\project
         Microsoft (R) Macro Assembler Version 12.00.21005.1
         Copyright (C) Microsoft Corporation.  All rights reserved.
         
     1>Done Building Project "C:\Users\OmegaGomachi\Downloads\project 2\quake2-full-master\ref_soft\ref_soft.vcxproj" (Rebuild target(s)) -- FAILED.

Build FAILED.

Time Elapsed 00:00:01.51
